<?xml version="1.0" encoding="UTF-8"?>
<!-- Generated by org.testng.reporters.JUnitXMLReporter -->
<testsuite hostname="ISPL_279" name="BDD Test" tests="1" failures="1" timestamp="18 Nov 2014 11:47:13 GMT" time="6.721" errors="0">
  <testcase name=" TC1" time="0.03" classname="com.infostretch.automation.step.client.Scenario">
    <failure type="com.infostretch.automation.step.StepInvocationException" message="Teststep END not found">
      <![CDATA[com.infostretch.automation.step.StepInvocationException: Teststep END not found
	at com.infostretch.automation.step.StringTestStep.execute(StringTestStep.java:115)
	at com.infostretch.automation.step.client.Scenario.scenario(Scenario.java:124)
... Removed 23 stack frames]]>
    </failure>
  </testcase> <!--  TC1 -->
</testsuite> <!-- BDD Test -->
